c:\users\linhnguyen\documents\visual studio 2010\projects\serverpipe\serverpipe\debug\serverpipe.pch
c:\users\linhnguyen\documents\visual studio 2010\projects\serverpipe\serverpipe\debug\stdafx.obj
c:\users\linhnguyen\documents\visual studio 2010\projects\serverpipe\serverpipe\debug\vc100.pdb
c:\users\linhnguyen\documents\visual studio 2010\projects\serverpipe\serverpipe\debug\serverpipe.obj
c:\users\linhnguyen\dropbox\mygmail - pcomms\ictd\sortersnmp v0.3 - working with a named pipe\c++ pipe\serverpipe\serverpipe\debug\serverpipe.pch
c:\users\linhnguyen\dropbox\mygmail - pcomms\ictd\sortersnmp v0.3 - working with a named pipe\c++ pipe\serverpipe\serverpipe\debug\stdafx.obj
c:\users\linhnguyen\dropbox\mygmail - pcomms\ictd\sortersnmp v0.3 - working with a named pipe\c++ pipe\serverpipe\serverpipe\debug\vc100.pdb
c:\users\linhnguyen\dropbox\mygmail - pcomms\ictd\sortersnmp v0.3 - working with a named pipe\c++ pipe\serverpipe\serverpipe\debug\serverpipe.obj
c:\users\linhnguyen\documents\visual studio 2010\projects\serverpipe\debug\serverpipe.ilk
c:\users\linhnguyen\documents\visual studio 2010\projects\serverpipe\debug\serverpipe.exe
c:\users\linhnguyen\documents\visual studio 2010\projects\serverpipe\serverpipe\debug\serverpipe.exe.intermediate.manifest
c:\users\linhnguyen\documents\visual studio 2010\projects\serverpipe\debug\serverpipe.pdb
c:\users\linhnguyen\dropbox\mygmail - pcomms\ictd\sortersnmp v0.3 - working with a named pipe\c++ pipe\serverpipe\debug\serverpipe.ilk
c:\users\linhnguyen\dropbox\mygmail - pcomms\ictd\sortersnmp v0.3 - working with a named pipe\c++ pipe\serverpipe\debug\serverpipe.exe
c:\users\linhnguyen\dropbox\mygmail - pcomms\ictd\sortersnmp v0.3 - working with a named pipe\c++ pipe\serverpipe\serverpipe\debug\serverpipe.exe.intermediate.manifest
c:\users\linhnguyen\dropbox\mygmail - pcomms\ictd\sortersnmp v0.3 - working with a named pipe\c++ pipe\serverpipe\debug\serverpipe.pdb
c:\users\linhnguyen\documents\visual studio 2010\projects\serverpipe\serverpipe\debug\serverpipe.exe.embed.manifest
c:\users\linhnguyen\documents\visual studio 2010\projects\serverpipe\serverpipe\debug\serverpipe.exe.embed.manifest.res
c:\users\linhnguyen\dropbox\mygmail - pcomms\ictd\sortersnmp v0.3 - working with a named pipe\c++ pipe\serverpipe\serverpipe\debug\serverpipe.exe.embed.manifest.res
i:\shawon\mfc application\named pipe\c++ client & server - named pipe\serverpipe\serverpipe\debug\serverpipe.pch
i:\shawon\mfc application\named pipe\c++ client & server - named pipe\serverpipe\serverpipe\debug\vc141.pdb
i:\shawon\mfc application\named pipe\c++ client & server - named pipe\serverpipe\serverpipe\debug\vc141.idb
i:\shawon\mfc application\named pipe\c++ client & server - named pipe\serverpipe\serverpipe\debug\stdafx.obj
i:\shawon\mfc application\named pipe\c++ client & server - named pipe\serverpipe\debug\serverpipe.exe
i:\shawon\mfc application\named pipe\c++ client & server - named pipe\serverpipe\debug\serverpipe.ilk
i:\shawon\mfc application\named pipe\c++ client & server - named pipe\serverpipe\debug\serverpipe.pdb
i:\shawon\mfc application\named pipe\c++ client & server - named pipe\serverpipe\serverpipe\debug\cl.command.1.tlog
i:\shawon\mfc application\named pipe\c++ client & server - named pipe\serverpipe\serverpipe\debug\cl.read.1.tlog
i:\shawon\mfc application\named pipe\c++ client & server - named pipe\serverpipe\serverpipe\debug\cl.write.1.tlog
i:\shawon\mfc application\named pipe\c++ client & server - named pipe\serverpipe\serverpipe\debug\link-cvtres.read.1.tlog
i:\shawon\mfc application\named pipe\c++ client & server - named pipe\serverpipe\serverpipe\debug\link-cvtres.write.1.tlog
i:\shawon\mfc application\named pipe\c++ client & server - named pipe\serverpipe\serverpipe\debug\link.5176-cvtres.read.1.tlog
i:\shawon\mfc application\named pipe\c++ client & server - named pipe\serverpipe\serverpipe\debug\link.5176-cvtres.write.1.tlog
i:\shawon\mfc application\named pipe\c++ client & server - named pipe\serverpipe\serverpipe\debug\link.5176.read.1.tlog
i:\shawon\mfc application\named pipe\c++ client & server - named pipe\serverpipe\serverpipe\debug\link.5176.write.1.tlog
i:\shawon\mfc application\named pipe\c++ client & server - named pipe\serverpipe\serverpipe\debug\link.command.1.tlog
i:\shawon\mfc application\named pipe\c++ client & server - named pipe\serverpipe\serverpipe\debug\link.read.1.tlog
i:\shawon\mfc application\named pipe\c++ client & server - named pipe\serverpipe\serverpipe\debug\link.write.1.tlog
i:\shawon\mfc application\named pipe\c++ client & server - named pipe\serverpipe\serverpipe\debug\mt.command.1.tlog
i:\shawon\mfc application\named pipe\c++ client & server - named pipe\serverpipe\serverpipe\debug\mt.read.1.tlog
i:\shawon\mfc application\named pipe\c++ client & server - named pipe\serverpipe\serverpipe\debug\mt.write.1.tlog
i:\shawon\mfc application\named pipe\c++ client & server - named pipe\serverpipe\serverpipe\debug\rc.command.1.tlog
i:\shawon\mfc application\named pipe\c++ client & server - named pipe\serverpipe\serverpipe\debug\rc.read.1.tlog
i:\shawon\mfc application\named pipe\c++ client & server - named pipe\serverpipe\serverpipe\debug\rc.write.1.tlog
i:\shawon\mfc application\named pipe\c++ client & server - named pipe\serverpipe\serverpipe\debug\serverpipe.exe.embed.manifest
i:\shawon\mfc application\named pipe\c++ client & server - named pipe\serverpipe\serverpipe\debug\serverpipe.exe.intermediate.manifest
i:\shawon\mfc application\named pipe\c++ client & server - named pipe\serverpipe\serverpipe\debug\serverpipe.exe.embed.manifest.res
i:\shawon\mfc application\named pipe\c++ client & server - named pipe\serverpipe\serverpipe\debug\vc100.idb
i:\shawon\mfc application\named pipe\c++ client & server - named pipe\serverpipe\serverpipe\debug\serverpipe_manifest.rc
i:\shawon\mfc application\named pipe\c++ client & server - named pipe\serverpipe\serverpipe\debug\serverpipe.tlog\cl.command.1.tlog
i:\shawon\mfc application\named pipe\c++ client & server - named pipe\serverpipe\serverpipe\debug\serverpipe.tlog\cl.read.1.tlog
i:\shawon\mfc application\named pipe\c++ client & server - named pipe\serverpipe\serverpipe\debug\serverpipe.tlog\cl.write.1.tlog
i:\shawon\mfc application\named pipe\c++ client & server - named pipe\serverpipe\serverpipe\debug\serverpipe.tlog\link.command.1.tlog
i:\shawon\mfc application\named pipe\c++ client & server - named pipe\serverpipe\serverpipe\debug\serverpipe.tlog\link.read.1.tlog
i:\shawon\mfc application\named pipe\c++ client & server - named pipe\serverpipe\serverpipe\debug\serverpipe.tlog\link.write.1.tlog
