c:\users\linhnguyen\documents\visual studio 2010\projects\clientpipe\clientpipe\debug\clientpipe.pch
c:\users\linhnguyen\documents\visual studio 2010\projects\clientpipe\clientpipe\debug\stdafx.obj
c:\users\linhnguyen\documents\visual studio 2010\projects\clientpipe\clientpipe\debug\vc100.pdb
c:\users\linhnguyen\documents\visual studio 2010\projects\clientpipe\clientpipe\debug\clientpipe.obj
c:\users\linhnguyen\dropbox\mygmail - pcomms\ictd\sortersnmp v0.3 - working with a named pipe\c++ pipe\clientpipe\clientpipe\debug\clientpipe.pch
c:\users\linhnguyen\dropbox\mygmail - pcomms\ictd\sortersnmp v0.3 - working with a named pipe\c++ pipe\clientpipe\clientpipe\debug\stdafx.obj
c:\users\linhnguyen\dropbox\mygmail - pcomms\ictd\sortersnmp v0.3 - working with a named pipe\c++ pipe\clientpipe\clientpipe\debug\vc100.pdb
c:\users\linhnguyen\dropbox\mygmail - pcomms\ictd\sortersnmp v0.3 - working with a named pipe\c++ pipe\clientpipe\clientpipe\debug\clientpipe.obj
c:\users\linhnguyen\documents\visual studio 2010\projects\clientpipe\debug\clientpipe.ilk
c:\users\linhnguyen\documents\visual studio 2010\projects\clientpipe\debug\clientpipe.exe
c:\users\linhnguyen\documents\visual studio 2010\projects\clientpipe\clientpipe\debug\clientpipe.exe.intermediate.manifest
c:\users\linhnguyen\documents\visual studio 2010\projects\clientpipe\debug\clientpipe.pdb
c:\users\linhnguyen\dropbox\mygmail - pcomms\ictd\sortersnmp v0.3 - working with a named pipe\c++ pipe\clientpipe\debug\clientpipe.ilk
c:\users\linhnguyen\dropbox\mygmail - pcomms\ictd\sortersnmp v0.3 - working with a named pipe\c++ pipe\clientpipe\debug\clientpipe.exe
c:\users\linhnguyen\dropbox\mygmail - pcomms\ictd\sortersnmp v0.3 - working with a named pipe\c++ pipe\clientpipe\clientpipe\debug\clientpipe.exe.intermediate.manifest
c:\users\linhnguyen\dropbox\mygmail - pcomms\ictd\sortersnmp v0.3 - working with a named pipe\c++ pipe\clientpipe\debug\clientpipe.pdb
c:\users\linhnguyen\documents\visual studio 2010\projects\clientpipe\clientpipe\debug\clientpipe.exe.embed.manifest
c:\users\linhnguyen\documents\visual studio 2010\projects\clientpipe\clientpipe\debug\clientpipe.exe.embed.manifest.res
c:\users\linhnguyen\dropbox\mygmail - pcomms\ictd\sortersnmp v0.3 - working with a named pipe\c++ pipe\clientpipe\clientpipe\debug\clientpipe.exe.embed.manifest.res
i:\shawon\mfc application\named pipe\c++ client & server - named pipe\clientpipe\clientpipe\debug\clientpipe.pch
i:\shawon\mfc application\named pipe\c++ client & server - named pipe\clientpipe\clientpipe\debug\vc141.pdb
i:\shawon\mfc application\named pipe\c++ client & server - named pipe\clientpipe\clientpipe\debug\vc141.idb
i:\shawon\mfc application\named pipe\c++ client & server - named pipe\clientpipe\clientpipe\debug\stdafx.obj
i:\shawon\mfc application\named pipe\c++ client & server - named pipe\clientpipe\debug\clientpipe.exe
i:\shawon\mfc application\named pipe\c++ client & server - named pipe\clientpipe\debug\clientpipe.ilk
i:\shawon\mfc application\named pipe\c++ client & server - named pipe\clientpipe\debug\clientpipe.pdb
i:\shawon\mfc application\named pipe\c++ client & server - named pipe\clientpipe\clientpipe\debug\cl.command.1.tlog
i:\shawon\mfc application\named pipe\c++ client & server - named pipe\clientpipe\clientpipe\debug\cl.read.1.tlog
i:\shawon\mfc application\named pipe\c++ client & server - named pipe\clientpipe\clientpipe\debug\cl.write.1.tlog
i:\shawon\mfc application\named pipe\c++ client & server - named pipe\clientpipe\clientpipe\debug\link-cvtres.read.1.tlog
i:\shawon\mfc application\named pipe\c++ client & server - named pipe\clientpipe\clientpipe\debug\link-cvtres.write.1.tlog
i:\shawon\mfc application\named pipe\c++ client & server - named pipe\clientpipe\clientpipe\debug\link.1704-cvtres.read.1.tlog
i:\shawon\mfc application\named pipe\c++ client & server - named pipe\clientpipe\clientpipe\debug\link.1704-cvtres.write.1.tlog
i:\shawon\mfc application\named pipe\c++ client & server - named pipe\clientpipe\clientpipe\debug\link.1704.read.1.tlog
i:\shawon\mfc application\named pipe\c++ client & server - named pipe\clientpipe\clientpipe\debug\link.1704.write.1.tlog
i:\shawon\mfc application\named pipe\c++ client & server - named pipe\clientpipe\clientpipe\debug\link.5724-cvtres.read.1.tlog
i:\shawon\mfc application\named pipe\c++ client & server - named pipe\clientpipe\clientpipe\debug\link.5724-cvtres.write.1.tlog
i:\shawon\mfc application\named pipe\c++ client & server - named pipe\clientpipe\clientpipe\debug\link.5724.read.1.tlog
i:\shawon\mfc application\named pipe\c++ client & server - named pipe\clientpipe\clientpipe\debug\link.5724.write.1.tlog
i:\shawon\mfc application\named pipe\c++ client & server - named pipe\clientpipe\clientpipe\debug\link.command.1.tlog
i:\shawon\mfc application\named pipe\c++ client & server - named pipe\clientpipe\clientpipe\debug\link.read.1.tlog
i:\shawon\mfc application\named pipe\c++ client & server - named pipe\clientpipe\clientpipe\debug\link.write.1.tlog
i:\shawon\mfc application\named pipe\c++ client & server - named pipe\clientpipe\clientpipe\debug\mt.command.1.tlog
i:\shawon\mfc application\named pipe\c++ client & server - named pipe\clientpipe\clientpipe\debug\mt.read.1.tlog
i:\shawon\mfc application\named pipe\c++ client & server - named pipe\clientpipe\clientpipe\debug\mt.write.1.tlog
i:\shawon\mfc application\named pipe\c++ client & server - named pipe\clientpipe\clientpipe\debug\rc.command.1.tlog
i:\shawon\mfc application\named pipe\c++ client & server - named pipe\clientpipe\clientpipe\debug\rc.read.1.tlog
i:\shawon\mfc application\named pipe\c++ client & server - named pipe\clientpipe\clientpipe\debug\rc.write.1.tlog
i:\shawon\mfc application\named pipe\c++ client & server - named pipe\clientpipe\clientpipe\debug\clientpipe.exe.embed.manifest
i:\shawon\mfc application\named pipe\c++ client & server - named pipe\clientpipe\clientpipe\debug\clientpipe.exe.intermediate.manifest
i:\shawon\mfc application\named pipe\c++ client & server - named pipe\clientpipe\clientpipe\debug\clientpipe.exe.embed.manifest.res
i:\shawon\mfc application\named pipe\c++ client & server - named pipe\clientpipe\clientpipe\debug\vc100.idb
i:\shawon\mfc application\named pipe\c++ client & server - named pipe\clientpipe\clientpipe\debug\clientpipe_manifest.rc
i:\shawon\mfc application\named pipe\c++ client & server - named pipe\clientpipe\clientpipe\debug\clientpipe.tlog\cl.command.1.tlog
i:\shawon\mfc application\named pipe\c++ client & server - named pipe\clientpipe\clientpipe\debug\clientpipe.tlog\cl.read.1.tlog
i:\shawon\mfc application\named pipe\c++ client & server - named pipe\clientpipe\clientpipe\debug\clientpipe.tlog\cl.write.1.tlog
i:\shawon\mfc application\named pipe\c++ client & server - named pipe\clientpipe\clientpipe\debug\clientpipe.tlog\link.command.1.tlog
i:\shawon\mfc application\named pipe\c++ client & server - named pipe\clientpipe\clientpipe\debug\clientpipe.tlog\link.read.1.tlog
i:\shawon\mfc application\named pipe\c++ client & server - named pipe\clientpipe\clientpipe\debug\clientpipe.tlog\link.write.1.tlog
